<?xml version="1.0" encoding="UTF-8"?>
<testsuite xmlns:xsi="http://www.w3.org/2001/XMLSchema-instance" xsi:noNamespaceSchemaLocation="https://maven.apache.org/surefire/maven-surefire-plugin/xsd/surefire-test-report-3.0.xsd" version="3.0" name="fahrenheitToCelsius.FahrTest" time="0.053" tests="2" errors="0" skipped="0" failures="0">
  <properties>
    <property name="java.specification.version" value="17"/>
    <property name="sun.cpu.isalist" value="amd64"/>
    <property name="sun.jnu.encoding" value="Cp1252"/>
    <property name="java.class.path" value="C:\Users\amirdi\Documents\course\Temp\fahrenheitToCelsius\target\test-classes;C:\Users\amirdi\Documents\course\Temp\fahrenheitToCelsius\target\classes;C:\Users\amirdi\.m2\repository\junit\junit\4.13.2\junit-4.13.2.jar;C:\Users\amirdi\.m2\repository\org\hamcrest\hamcrest-core\1.3\hamcrest-core-1.3.jar;"/>
    <property name="java.vm.vendor" value="Oracle Corporation"/>
    <property name="sun.arch.data.model" value="64"/>
    <property name="user.variant" value=""/>
    <property name="java.vendor.url" value="https://java.oracle.com/"/>
    <property name="user.timezone" value="Europe/Helsinki"/>
    <property name="user.country.format" value="FI"/>
    <property name="os.name" value="Windows 10"/>
    <property name="java.vm.specification.version" value="17"/>
    <property name="sun.java.launcher" value="SUN_STANDARD"/>
    <property name="user.country" value="US"/>
    <property name="sun.boot.library.path" value="C:\Program Files\Java\jdk-17.0.4.1\bin"/>
    <property name="sun.java.command" value="C:\Users\amirdi\AppData\Local\Temp\surefire96946663881402318\surefirebooter-20230213140312902_3.jar C:\Users\amirdi\AppData\Local\Temp\surefire96946663881402318 2023-02-13T14-03-12_610-jvmRun1 surefire-20230213140312902_1tmp surefire_0-20230213140312902_2tmp"/>
    <property name="jdk.debug" value="release"/>
    <property name="surefire.test.class.path" value="C:\Users\amirdi\Documents\course\Temp\fahrenheitToCelsius\target\test-classes;C:\Users\amirdi\Documents\course\Temp\fahrenheitToCelsius\target\classes;C:\Users\amirdi\.m2\repository\junit\junit\4.13.2\junit-4.13.2.jar;C:\Users\amirdi\.m2\repository\org\hamcrest\hamcrest-core\1.3\hamcrest-core-1.3.jar;"/>
    <property name="sun.cpu.endian" value="little"/>
    <property name="user.home" value="C:\Users\amirdi"/>
    <property name="user.language" value="en"/>
    <property name="java.specification.vendor" value="Oracle Corporation"/>
    <property name="java.version.date" value="2022-08-18"/>
    <property name="java.home" value="C:\Program Files\Java\jdk-17.0.4.1"/>
    <property name="file.separator" value="\"/>
    <property name="basedir" value="C:\Users\amirdi\Documents\course\Temp\fahrenheitToCelsius"/>
    <property name="java.vm.compressedOopsMode" value="Zero based"/>
    <property name="line.separator" value="&#10;"/>
    <property name="java.vm.specification.vendor" value="Oracle Corporation"/>
    <property name="java.specification.name" value="Java Platform API Specification"/>
    <property name="surefire.real.class.path" value="C:\Users\amirdi\AppData\Local\Temp\surefire96946663881402318\surefirebooter-20230213140312902_3.jar"/>
    <property name="user.script" value=""/>
    <property name="sun.management.compiler" value="HotSpot 64-Bit Tiered Compilers"/>
    <property name="java.runtime.version" value="17.0.4.1+1-LTS-2"/>
    <property name="user.name" value="amirdi"/>
    <property name="path.separator" value=";"/>
    <property name="os.version" value="10.0"/>
    <property name="java.runtime.name" value="Java(TM) SE Runtime Environment"/>
    <property name="file.encoding" value="Cp1252"/>
    <property name="java.vm.name" value="Java HotSpot(TM) 64-Bit Server VM"/>
    <property name="localRepository" value="C:\Users\amirdi\.m2\repository"/>
    <property name="java.vendor.url.bug" value="https://bugreport.java.com/bugreport/"/>
    <property name="java.io.tmpdir" value="C:\Users\amirdi\AppData\Local\Temp\"/>
    <property name="java.version" value="17.0.4.1"/>
    <property name="user.dir" value="C:\Users\amirdi\Documents\course\Temp\fahrenheitToCelsius"/>
    <property name="os.arch" value="amd64"/>
    <property name="java.vm.specification.name" value="Java Virtual Machine Specification"/>
    <property name="user.language.format" value="fi"/>
    <property name="sun.os.patch.level" value=""/>
    <property name="native.encoding" value="Cp1252"/>
    <property name="java.library.path" value="C:\Program Files\Java\jdk-17.0.4.1\bin;C:\WINDOWS\Sun\Java\bin;C:\WINDOWS\system32;C:\WINDOWS;C:\Program Files\Java\jdk-17.0.4.1/bin;C:\Program Files\Java\jdk-17.0.4.1/bin;C:\Program Files\Common Files\Oracle\Java\javapath;C:\Users\amirdi\Documents\JAVA\MYSQL\mysql-connector-j-8.0.31\mysql-connector-j-8.0.31.jar;W:\winhapro;C:\HashiCorp\Vagrant\bin;C:\Program Files\maven\apache-maven-3.9.0\bin;C:\Program Files\Git\cmd;C:\Program Files\Git\bin;C:\Users\amirdi\AppData\Local\Programs\Python\Python311\Scripts\;C:\Users\amirdi\AppData\Local\Programs\Python\Python311\;C:\Users\amirdi\Anaconda3;C:\Users\amirdi\Anaconda3\Library\mingw-w64\bin;C:\Users\amirdi\Anaconda3\Library\usr\bin;C:\Users\amirdi\Anaconda3\Library\bin;C:\Users\amirdi\Anaconda3\Scripts;C:\Users\amirdi\AppData\Local\Programs\Python\Python310\Scripts\;C:\Users\amirdi\AppData\Local\Programs\Python\Python310\;C:\Users\amirdi\AppData\Local\Microsoft\WindowsApps;C:\Users\amirdi\AppData\Roaming\npm;C:\Users\amirdi\AppData\Local\Programs\Microsoft VS Code\bin;C:\Users\amirdi\AppData\Local\GitHubDesktop\bin;C:\Program Files\JetBrains\PyCharm 2022.3.2\bin;;."/>
    <property name="java.vm.info" value="mixed mode, sharing"/>
    <property name="java.vendor" value="Oracle Corporation"/>
    <property name="java.vm.version" value="17.0.4.1+1-LTS-2"/>
    <property name="sun.io.unicode.encoding" value="UnicodeLittle"/>
    <property name="java.class.version" value="61.0"/>
  </properties>
  <testcase name="testSayHi" classname="fahrenheitToCelsius.FahrTest" time="0.002"/>
  <testcase name="testFarCel" classname="fahrenheitToCelsius.FahrTest" time="0"/>
</testsuite>